Determining if the include file pthread.h exists failed with the following output:
Change Dir: C:/Users/mycall/projects/raiblocks/github-build/CMakeFiles/CMakeTmp

Run Build Command:"C:\Program Files (x86)\Microsoft Visual Studio\2017\Professional/MSBuild/15.0/Bin/MSBuild.exe" "cmTC_4b879.vcxproj" "/p:Configuration=Debug" "/p:VisualStudioVersion=15.0"
Microsoft (R) Build Engine version 15.5.180.51428 for .NET Framework

Copyright (C) Microsoft Corporation. All rights reserved.



Build started 1/11/2018 10:02:41 PM.

Project "C:\Users\mycall\projects\raiblocks\github-build\CMakeFiles\CMakeTmp\cmTC_4b879.vcxproj" on node 1 (default targets).

PrepareForBuild:

  Creating directory "cmTC_4b879.dir\Debug\".

  Creating directory "C:\Users\mycall\projects\raiblocks\github-build\CMakeFiles\CMakeTmp\Debug\".

  Creating directory "cmTC_4b879.dir\Debug\cmTC_4b879.tlog\".

InitializeBuildStatus:

  Creating "cmTC_4b879.dir\Debug\cmTC_4b879.tlog\unsuccessfulbuild" because "AlwaysCreate" was specified.

ClCompile:

  C:\Program Files (x86)\Microsoft Visual Studio\2017\Professional\VC\Tools\MSVC\14.12.25827\bin\HostX86\x64\CL.exe /c /Zi /W3 /WX- /diagnostics:classic /Od /Ob0 /D WIN32 /D _WINDOWS /D "CMAKE_INTDIR=\"Debug\"" /D _MBCS /Gm- /RTC1 /MDd /GS /fp:precise /Zc:wchar_t /Zc:forScope /Zc:inline /Fo"cmTC_4b879.dir\Debug\\" /Fd"cmTC_4b879.dir\Debug\vc141.pdb" /Gd /TC /errorReport:queue "C:\Users\mycall\projects\raiblocks\github-build\CMakeFiles\CMakeTmp\CheckIncludeFile.c"

  Microsoft (R) C/C++ Optimizing Compiler Version 19.12.25831 for x64

  Copyright (C) Microsoft Corporation.  All rights reserved.

  

  cl /c /Zi /W3 /WX- /diagnostics:classic /Od /Ob0 /D WIN32 /D _WINDOWS /D "CMAKE_INTDIR=\"Debug\"" /D _MBCS /Gm- /RTC1 /MDd /GS /fp:precise /Zc:wchar_t /Zc:forScope /Zc:inline /Fo"cmTC_4b879.dir\Debug\\" /Fd"cmTC_4b879.dir\Debug\vc141.pdb" /Gd /TC /errorReport:queue "C:\Users\mycall\projects\raiblocks\github-build\CMakeFiles\CMakeTmp\CheckIncludeFile.c"

  CheckIncludeFile.c

  

C:\Users\mycall\projects\raiblocks\github-build\CMakeFiles\CMakeTmp\CheckIncludeFile.c(1): fatal error C1083: Cannot open include file: 'pthread.h': No such file or directory [C:\Users\mycall\projects\raiblocks\github-build\CMakeFiles\CMakeTmp\cmTC_4b879.vcxproj]

Done Building Project "C:\Users\mycall\projects\raiblocks\github-build\CMakeFiles\CMakeTmp\cmTC_4b879.vcxproj" (default targets) -- FAILED.



Build FAILED.



"C:\Users\mycall\projects\raiblocks\github-build\CMakeFiles\CMakeTmp\cmTC_4b879.vcxproj" (default target) (1) ->

(ClCompile target) -> 

  C:\Users\mycall\projects\raiblocks\github-build\CMakeFiles\CMakeTmp\CheckIncludeFile.c(1): fatal error C1083: Cannot open include file: 'pthread.h': No such file or directory [C:\Users\mycall\projects\raiblocks\github-build\CMakeFiles\CMakeTmp\cmTC_4b879.vcxproj]



    0 Warning(s)

    1 Error(s)



Time Elapsed 00:00:00.39



